diff --git a/profiles/ipwa/themes/ipwa/scss/pages/_common.scss b/profiles/ipwa/themes/ipwa/scss/pages/_common.scss
index 9357e908..e452e9a6 100644
--- a/profiles/ipwa/themes/ipwa/scss/pages/_common.scss
+++ b/profiles/ipwa/themes/ipwa/scss/pages/_common.scss
@@ -1068,7 +1068,7 @@ input[type=text]::-ms-clear {
 // Termine icon on header
 .page-calendar {
     .page-header {
-        padding-left: 30px;
+        // padding-left: 30px;
     }
 
     .view-event-calendar {
@@ -1085,33 +1085,46 @@ input[type=text]::-ms-clear {
 }
 
 .page-calendar, .page-termine {
-    .page-header {
-        position: relative;
-
-        &::before {
-            content: "\e941";
-            font-family: $icomoon;
-            color: $calendar-color;
-            font-size: 120px;
-            margin-bottom: 30px;
-        }
-
-        @include devicebreak(x-large) {
-            padding-left: 85px;
-
-            &::before {
-                left: -100px;
-                top: 40px;
-                position: absolute;
-                margin-bottom: 0;
-            }
-        }
-    }
+        .calendar-icon{
+			width:100%;
+			@include devicebreak(x-large) {
+				float:left;
+				width:25%;
+				text-align:center; 
+			}
+			&::before {
+				content: "\e941";
+				font-family: $icomoon;
+				color: $calendar-color;
+				font-size: 120px;
+				margin-bottom: 30px;
+			}
+		}
+		.calendar-right{
+			@include devicebreak(x-large) {
+				float:left;
+			}
+		}
+		.container-new{
+			@extend .container;
+			margin-bottom:70px; 
+			margin-top:60px;
+			.page-header {
+				padding-left:0;
+				padding-right:0;
+				@include devicebreak(x-large) {
+					// padding-left: 85px;
+					padding-top:0; 
+				}
+			}
+		}
 
     .main-container {
         .view-header {
+			color:$active-menu;
+			font-size:30px;
             @include devicebreak(x-large) {
-                padding-left: 90px;
+                 padding-left: 5px;
             }
         }
     }
